<?xml version="1.0" encoding="UTF-8"?>
<!-- Generated by org.testng.reporters.JUnitXMLReporter -->
<testsuite ignored="0" hostname="Tunga" failures="0" tests="7" name="Test" time="0.073" errors="0" timestamp="2024-02-04T22:40:12 IST">
  <testcase classname="FrameWork1.Setup.TestNgAnnotations" name="DependsMethod" time="0.009"/>
  <testcase classname="FrameWork1.Setup.TestNgAnnotations" name="EnabledMethod" time="0.001"/>
  <testcase classname="FrameWork1.Setup.TestNgAnnotations" name="GetData" time="0.003"/>
  <testcase classname="FrameWork1.Setup.TestNgAnnotations" name="Parameterization" time="0.001"/>
  <testcase classname="FrameWork1.Setup.TestNgAnnotations" name="TimeOut" time="0.006"/>
  <testcase classname="FrameWork1.Setup.TestNgAnnotations" name="SmokeTest" time="0.001"/>
  <testcase classname="FrameWork1.Setup.TestNgAnnotations" name="DependentMethod" time="0.002"/>
</testsuite> <!-- Test -->
